 
****************************************
Report : area
Design : mips
Version: K-2015.06-SP5-6
Date   : Sun Dec  1 23:57:39 2019
****************************************

Library(s) Used:

    sclib_tsmc180_ss (File: /research/ece/lnis-teaching/Designkits/tsmc180nm/full_custom_lib/lib/sclib_tsmc180_ss_nldm.db)

Number of ports:                          733
Number of nets:                          1436
Number of cells:                          822
Number of combinational cells:            670
Number of sequential cells:               123
Number of macros/black boxes:               0
Number of buf/inv:                         71
Number of references:                       2

Combinational area:              10123.448799
Buf/Inv area:                      626.768812
Noncombinational area:            6147.539944
Macro/Black Box area:                0.000000
Net Interconnect area:      undefined  (No wire load specified)

Total cell area:                 16270.988743
Total area:                 undefined
1
